0 info it worked if it ends with ok
1 verbose cli [ 'node', '/usr/local/bin/npm', 'install', 'bootstrap' ]
2 info using npm@2.10.1
3 info using node@v0.12.2
4 verbose install initial load of /Users/christopherclaiborne/workspace/Gemstore/package.json
5 verbose readDependencies loading dependencies from /Users/christopherclaiborne/workspace/Gemstore/package.json
6 silly cache add args [ 'bootstrap', null ]
7 verbose cache add spec bootstrap
8 silly cache add parsed spec { raw: 'bootstrap',
8 silly cache add   scope: null,
8 silly cache add   name: 'bootstrap',
8 silly cache add   rawSpec: '',
8 silly cache add   spec: '*',
8 silly cache add   type: 'range' }
9 silly addNamed bootstrap@*
10 verbose addNamed "*" is a valid semver range for bootstrap
11 silly addNameRange { name: 'bootstrap', range: '*', hasData: false }
12 silly mapToRegistry name bootstrap
13 silly mapToRegistry using default registry
14 silly mapToRegistry registry https://registry.npmjs.org/
15 silly mapToRegistry uri https://registry.npmjs.org/bootstrap
16 verbose addNameRange registry:https://registry.npmjs.org/bootstrap not in flight; fetching
17 verbose request uri https://registry.npmjs.org/bootstrap
18 verbose request no auth needed
19 info attempt registry request try #1 at 5:04:29 PM
20 verbose request id ed509efceb6237b2
21 verbose etag "ET0S7CKMVIPW9UR50YR5A76Q"
22 http request GET https://registry.npmjs.org/bootstrap
23 http 304 https://registry.npmjs.org/bootstrap
24 silly get cb [ 304,
24 silly get   { date: 'Thu, 04 Jun 2015 00:04:29 GMT',
24 silly get     via: '1.1 varnish',
24 silly get     'cache-control': 'max-age=60',
24 silly get     etag: '"ET0S7CKMVIPW9UR50YR5A76Q"',
24 silly get     age: '0',
24 silly get     connection: 'keep-alive',
24 silly get     'x-served-by': 'cache-lax1432-LAX',
24 silly get     'x-cache': 'HIT',
24 silly get     'x-cache-hits': '1',
24 silly get     'x-timer': 'S1433376269.823965,VS0,VE47',
24 silly get     vary: 'Accept' } ]
25 verbose etag https://registry.npmjs.org/bootstrap from cache
26 verbose get saving bootstrap to /Users/christopherclaiborne/.npm/registry.npmjs.org/bootstrap/.cache.json
27 silly addNameRange number 2 { name: 'bootstrap', range: '*', hasData: true }
28 silly addNameRange versions [ 'bootstrap',
28 silly addNameRange   [ '0.0.1',
28 silly addNameRange     '0.0.2',
28 silly addNameRange     '3.1.1',
28 silly addNameRange     '3.2.0',
28 silly addNameRange     '3.3.0',
28 silly addNameRange     '3.3.1',
28 silly addNameRange     '3.3.2',
28 silly addNameRange     '3.3.4' ] ]
29 silly addNamed bootstrap@3.3.4
30 verbose addNamed "3.3.4" is a plain semver version for bootstrap
31 silly cache afterAdd bootstrap@3.3.4
32 verbose afterAdd /Users/christopherclaiborne/.npm/bootstrap/3.3.4/package/package.json not in flight; writing
33 verbose afterAdd /Users/christopherclaiborne/.npm/bootstrap/3.3.4/package/package.json written
34 silly install resolved [ { name: 'bootstrap',
34 silly install resolved     description: 'The most popular front-end framework for developing responsive, mobile first projects on the web.',
34 silly install resolved     version: '3.3.4',
34 silly install resolved     keywords:
34 silly install resolved      [ 'css',
34 silly install resolved        'less',
34 silly install resolved        'mobile-first',
34 silly install resolved        'responsive',
34 silly install resolved        'front-end',
34 silly install resolved        'framework',
34 silly install resolved        'web' ],
34 silly install resolved     homepage: 'http://getbootstrap.com',
34 silly install resolved     author: { name: 'Twitter, Inc.' },
34 silly install resolved     scripts: { test: 'grunt test' },
34 silly install resolved     style: 'dist/css/bootstrap.css',
34 silly install resolved     less: 'less/bootstrap.less',
34 silly install resolved     main: './dist/js/npm',
34 silly install resolved     repository:
34 silly install resolved      { type: 'git',
34 silly install resolved        url: 'git+https://github.com/twbs/bootstrap.git' },
34 silly install resolved     bugs: { url: 'https://github.com/twbs/bootstrap/issues' },
34 silly install resolved     license:
34 silly install resolved      { type: 'MIT',
34 silly install resolved        url: 'https://github.com/twbs/bootstrap/blob/master/LICENSE' },
34 silly install resolved     devDependencies:
34 silly install resolved      { btoa: '~1.1.2',
34 silly install resolved        glob: '~5.0.3',
34 silly install resolved        grunt: '~0.4.5',
34 silly install resolved        'grunt-autoprefixer': '~2.2.0',
34 silly install resolved        'grunt-banner': '~0.3.1',
34 silly install resolved        'grunt-contrib-clean': '~0.6.0',
34 silly install resolved        'grunt-contrib-compress': '~0.13.0',
34 silly install resolved        'grunt-contrib-concat': '~0.5.1',
34 silly install resolved        'grunt-contrib-connect': '~0.9.0',
34 silly install resolved        'grunt-contrib-copy': '~0.8.0',
34 silly install resolved        'grunt-contrib-csslint': '~0.4.0',
34 silly install resolved        'grunt-contrib-cssmin': '~0.12.2',
34 silly install resolved        'grunt-contrib-jade': '~0.14.1',
34 silly install resolved        'grunt-contrib-jshint': '~0.11.0',
34 silly install resolved        'grunt-contrib-less': '~1.0.0',
34 silly install resolved        'grunt-contrib-qunit': '~0.5.2',
34 silly install resolved        'grunt-contrib-uglify': '~0.8.0',
34 silly install resolved        'grunt-contrib-watch': '~0.6.1',
34 silly install resolved        'grunt-csscomb': '~3.0.0',
34 silly install resolved        'grunt-exec': '~0.4.6',
34 silly install resolved        'grunt-html': '~4.0.1',
34 silly install resolved        'grunt-jekyll': '~0.4.2',
34 silly install resolved        'grunt-jscs': '~1.5.0',
34 silly install resolved        'grunt-saucelabs': '~8.6.0',
34 silly install resolved        'grunt-sed': '~0.1.1',
34 silly install resolved        'load-grunt-tasks': '~3.1.0',
34 silly install resolved        'markdown-it': '^4.0.1',
34 silly install resolved        'npm-shrinkwrap': '^200.1.0',
34 silly install resolved        'time-grunt': '^1.1.0' },
34 silly install resolved     engines: { node: '>=0.10.1' },
34 silly install resolved     files:
34 silly install resolved      [ 'dist',
34 silly install resolved        'fonts',
34 silly install resolved        'grunt/*.js',
34 silly install resolved        'grunt/*.json',
34 silly install resolved        'js/*.js',
34 silly install resolved        'less/**/*.less',
34 silly install resolved        'Gruntfile.js',
34 silly install resolved        'LICENSE' ],
34 silly install resolved     jspm:
34 silly install resolved      { main: 'js/bootstrap',
34 silly install resolved        directories: [Object],
34 silly install resolved        shim: [Object],
34 silly install resolved        buildConfig: [Object] },
34 silly install resolved     gitHead: 'f5250d0a0e2a7cfed77f55654027ff151ebe5aeb',
34 silly install resolved     _id: 'bootstrap@3.3.4',
34 silly install resolved     _shasum: '02378b4a6b6ce7a55e3add1edae41ad79f74646a',
34 silly install resolved     _from: 'bootstrap@*',
34 silly install resolved     _npmVersion: '2.5.1',
34 silly install resolved     _nodeVersion: '0.12.0',
34 silly install resolved     _npmUser: { name: 'twbs', email: 'getbootstrap@gmail.com' },
34 silly install resolved     maintainers: [ [Object] ],
34 silly install resolved     dist:
34 silly install resolved      { shasum: '02378b4a6b6ce7a55e3add1edae41ad79f74646a',
34 silly install resolved        tarball: 'http://registry.npmjs.org/bootstrap/-/bootstrap-3.3.4.tgz' },
34 silly install resolved     directories: {},
34 silly install resolved     _resolved: 'https://registry.npmjs.org/bootstrap/-/bootstrap-3.3.4.tgz',
34 silly install resolved     readme: 'ERROR: No README data found!' } ]
35 info install bootstrap@3.3.4 into /Users/christopherclaiborne/workspace/Gemstore
36 info installOne bootstrap@3.3.4
37 verbose installOne of bootstrap to /Users/christopherclaiborne/workspace/Gemstore not in flight; installing
38 warn locking Error: EACCES, open '/Users/christopherclaiborne/.npm/_locks/bootstrap-53f609416da38640.lock'
38 warn locking     at Error (native)
38 warn locking  /Users/christopherclaiborne/.npm/_locks/bootstrap-53f609416da38640.lock failed { [Error: EACCES, open '/Users/christopherclaiborne/.npm/_locks/bootstrap-53f609416da38640.lock']
38 warn locking   errno: -13,
38 warn locking   code: 'EACCES',
38 warn locking   path: '/Users/christopherclaiborne/.npm/_locks/bootstrap-53f609416da38640.lock' }
39 verbose stack Error: Attempt to unlock /Users/christopherclaiborne/workspace/Gemstore/node_modules/bootstrap, which hasn't been locked
39 verbose stack     at unlock (/usr/local/lib/node_modules/npm/lib/utils/locker.js:66:11)
39 verbose stack     at cb (/usr/local/lib/node_modules/npm/lib/install.js:1017:5)
39 verbose stack     at /usr/local/lib/node_modules/npm/lib/install.js:1021:20
39 verbose stack     at /usr/local/lib/node_modules/npm/lib/utils/locker.js:40:9
39 verbose stack     at cb (/usr/local/lib/node_modules/npm/node_modules/lockfile/lockfile.js:149:38)
39 verbose stack     at /usr/local/lib/node_modules/npm/node_modules/lockfile/lockfile.js:177:38
39 verbose stack     at FSReqWrap.oncomplete (fs.js:95:15)
40 verbose cwd /Users/christopherclaiborne/workspace/Gemstore
41 error Darwin 14.3.0
42 error argv "node" "/usr/local/bin/npm" "install" "bootstrap"
43 error node v0.12.2
44 error npm  v2.10.1
45 error Attempt to unlock /Users/christopherclaiborne/workspace/Gemstore/node_modules/bootstrap, which hasn't been locked
46 error If you need help, you may report this error at:
46 error     <https://github.com/npm/npm/issues>
47 verbose exit [ 1, true ]
